
  .   ____          _            __ _ _
 /\\ / ___'_ __ _ _(_)_ __  __ _ \ \ \ \
( ( )\___ | '_ | '_| | '_ \/ _` | \ \ \ \
 \\/  ___)| |_)| | | | | || (_| |  ) ) ) )
  '  |____| .__|_| |_|_| |_\__, | / / / /
 =========|_|==============|___/=/_/_/_/

 :: Spring Boot ::                (v3.5.9)

2026-02-03T17:15:30.655-03:00  INFO 15176 --- [FinStreak] [           main] com.financial.app.FinStreakApplication   : Starting FinStreakApplication v0.0.1-SNAPSHOT using Java 21.0.10 with PID 15176 (/Users/prefeiturati/Downloads/app/target/app-0.0.1-SNAPSHOT.jar started by prefeiturati in /Users/prefeiturati/Downloads/app)
2026-02-03T17:15:30.657-03:00  INFO 15176 --- [FinStreak] [           main] com.financial.app.FinStreakApplication   : No active profile set, falling back to 1 default profile: "default"
2026-02-03T17:15:31.077-03:00  INFO 15176 --- [FinStreak] [           main] .s.d.r.c.RepositoryConfigurationDelegate : Bootstrapping Spring Data JPA repositories in DEFAULT mode.
2026-02-03T17:15:31.107-03:00  INFO 15176 --- [FinStreak] [           main] .s.d.r.c.RepositoryConfigurationDelegate : Finished Spring Data repository scanning in 25 ms. Found 4 JPA repository interfaces.
2026-02-03T17:15:31.407-03:00  INFO 15176 --- [FinStreak] [           main] o.s.b.w.embedded.tomcat.TomcatWebServer  : Tomcat initialized with port 8080 (http)
2026-02-03T17:15:31.413-03:00  INFO 15176 --- [FinStreak] [           main] o.apache.catalina.core.StandardService   : Starting service [Tomcat]
2026-02-03T17:15:31.414-03:00  INFO 15176 --- [FinStreak] [           main] o.apache.catalina.core.StandardEngine    : Starting Servlet engine: [Apache Tomcat/10.1.50]
2026-02-03T17:15:31.431-03:00  INFO 15176 --- [FinStreak] [           main] o.a.c.c.C.[Tomcat].[localhost].[/]       : Initializing Spring embedded WebApplicationContext
2026-02-03T17:15:31.432-03:00  INFO 15176 --- [FinStreak] [           main] w.s.c.ServletWebServerApplicationContext : Root WebApplicationContext: initialization completed in 752 ms
2026-02-03T17:15:31.566-03:00  INFO 15176 --- [FinStreak] [           main] com.zaxxer.hikari.HikariDataSource       : HikariPool-1 - Starting...
2026-02-03T17:15:31.686-03:00  INFO 15176 --- [FinStreak] [           main] com.zaxxer.hikari.pool.HikariPool        : HikariPool-1 - Added connection org.postgresql.jdbc.PgConnection@54f2df29
2026-02-03T17:15:31.686-03:00  INFO 15176 --- [FinStreak] [           main] com.zaxxer.hikari.HikariDataSource       : HikariPool-1 - Start completed.
2026-02-03T17:15:31.702-03:00  INFO 15176 --- [FinStreak] [           main] org.flywaydb.core.FlywayExecutor         : Database: jdbc:postgresql://localhost:5432/app_db (PostgreSQL 15.15)
2026-02-03T17:15:31.732-03:00  INFO 15176 --- [FinStreak] [           main] o.f.core.internal.command.DbValidate     : Successfully validated 6 migrations (execution time 00:00.015s)
2026-02-03T17:15:31.777-03:00  INFO 15176 --- [FinStreak] [           main] o.f.core.internal.command.DbMigrate      : Current version of schema "public": 6
2026-02-03T17:15:31.778-03:00  INFO 15176 --- [FinStreak] [           main] o.f.core.internal.command.DbMigrate      : Schema "public" is up to date. No migration necessary.
2026-02-03T17:15:31.820-03:00  INFO 15176 --- [FinStreak] [           main] o.hibernate.jpa.internal.util.LogHelper  : HHH000204: Processing PersistenceUnitInfo [name: default]
2026-02-03T17:15:31.853-03:00  INFO 15176 --- [FinStreak] [           main] org.hibernate.Version                    : HHH000412: Hibernate ORM core version 6.6.39.Final
2026-02-03T17:15:31.869-03:00  INFO 15176 --- [FinStreak] [           main] o.h.c.internal.RegionFactoryInitiator    : HHH000026: Second-level cache disabled
2026-02-03T17:15:31.989-03:00  INFO 15176 --- [FinStreak] [           main] o.s.o.j.p.SpringPersistenceUnitInfo      : No LoadTimeWeaver setup: ignoring JPA class transformer
2026-02-03T17:15:32.017-03:00  WARN 15176 --- [FinStreak] [           main] org.hibernate.orm.deprecation            : HHH90000025: PostgreSQLDialect does not need to be specified explicitly using 'hibernate.dialect' (remove the property setting and it will be selected by default)
2026-02-03T17:15:32.023-03:00  INFO 15176 --- [FinStreak] [           main] org.hibernate.orm.connections.pooling    : HHH10001005: Database info:
	Database JDBC URL [Connecting through datasource 'HikariDataSource (HikariPool-1)']
	Database driver: undefined/unknown
	Database version: 15.15
	Autocommit mode: undefined/unknown
	Isolation level: undefined/unknown
	Minimum pool size: undefined/unknown
	Maximum pool size: undefined/unknown
2026-02-03T17:15:32.455-03:00  INFO 15176 --- [FinStreak] [           main] o.h.e.t.j.p.i.JtaPlatformInitiator       : HHH000489: No JTA platform available (set 'hibernate.transaction.jta.platform' to enable JTA platform integration)
2026-02-03T17:15:32.457-03:00  INFO 15176 --- [FinStreak] [           main] j.LocalContainerEntityManagerFactoryBean : Initialized JPA EntityManagerFactory for persistence unit 'default'
2026-02-03T17:15:32.678-03:00  WARN 15176 --- [FinStreak] [           main] JpaBaseConfiguration$JpaWebConfiguration : spring.jpa.open-in-view is enabled by default. Therefore, database queries may be performed during view rendering. Explicitly configure spring.jpa.open-in-view to disable this warning
2026-02-03T17:15:32.927-03:00  INFO 15176 --- [FinStreak] [           main] o.s.b.w.embedded.tomcat.TomcatWebServer  : Tomcat started on port 8080 (http) with context path '/'
2026-02-03T17:15:32.932-03:00  INFO 15176 --- [FinStreak] [           main] com.financial.app.FinStreakApplication   : Started FinStreakApplication in 2.511 seconds (process running for 2.818)
2026-02-03T17:15:53.599-03:00  INFO 15176 --- [FinStreak] [nio-8080-exec-1] o.a.c.c.C.[Tomcat].[localhost].[/]       : Initializing Spring DispatcherServlet 'dispatcherServlet'
2026-02-03T17:15:53.600-03:00  INFO 15176 --- [FinStreak] [nio-8080-exec-1] o.s.web.servlet.DispatcherServlet        : Initializing Servlet 'dispatcherServlet'
2026-02-03T17:15:53.605-03:00  INFO 15176 --- [FinStreak] [nio-8080-exec-1] o.s.web.servlet.DispatcherServlet        : Completed initialization in 5 ms
